<?xml version="1.0" encoding="UTF-8"?>
<testng-results ignored="0" total="1" passed="1" failed="0" skipped="0">
  <reporter-output>
  </reporter-output>
  <suite started-at="2024-08-10T01:05:07 SGT" name="Default suite" finished-at="2024-08-10T01:05:12 SGT" duration-ms="4540">
    <groups>
    </groups>
    <test started-at="2024-08-10T01:05:07 SGT" name="Default test" finished-at="2024-08-10T01:05:12 SGT" duration-ms="4540">
      <class name="Training.ExtentReports.extentReportDemo">
        <test-method is-config="true" signature="config()[pri:0, instance:Training.ExtentReports.extentReportDemo@4b741d6d]" started-at="2024-08-10T01:05:07 SGT" name="config" finished-at="2024-08-10T01:05:08 SGT" duration-ms="234" status="PASS">
          <reporter-output>
          </reporter-output>
        </test-method> <!-- config -->
        <test-method signature="getWebsite()[pri:0, instance:Training.ExtentReports.extentReportDemo@4b741d6d]" started-at="2024-08-10T01:05:08 SGT" name="getWebsite" finished-at="2024-08-10T01:05:12 SGT" duration-ms="4268" status="PASS">
          <reporter-output>
          </reporter-output>
        </test-method> <!-- getWebsite -->
      </class> <!-- Training.ExtentReports.extentReportDemo -->
    </test> <!-- Default test -->
  </suite> <!-- Default suite -->
</testng-results>
